<?xml version="1.0" encoding="UTF-8"?>
<!-- Generated by org.testng.reporters.JUnitXMLReporter -->
<testsuite ignored="0" hostname="DESKTOP-4LJ66BR" failures="0" tests="4" name="Default test" time="7.523" errors="0" timestamp="2026-01-11T11:55:50 IST">
  <testcase classname="day8.CreateUserTest" name="createUser" time="4.336"/>
  <testcase classname="day8.GetUserTest" name="getUser" time="0.924"/>
  <testcase classname="day8.UpdateUserTest" name="updateUser" time="0.968"/>
  <testcase classname="day8.DeleteUserTest" name="deleteUser" time="1.214"/>
</testsuite> <!-- Default test -->
