<?xml version="1.0" encoding="UTF-8"?>
<testng-results ignored="0" total="4" passed="4" failed="0" skipped="0">
  <reporter-output>
  </reporter-output>
  <suite started-at="2026-01-11T11:55:42 IST" name="Default suite" finished-at="2026-01-11T11:55:50 IST" duration-ms="7523">
    <groups>
    </groups>
    <test started-at="2026-01-11T11:55:42 IST" name="Default test" finished-at="2026-01-11T11:55:50 IST" duration-ms="7523">
      <class name="day8.DeleteUserTest">
        <test-method signature="deleteUser(org.testng.ITestContext)[pri:0, instance:day8.DeleteUserTest@7b98f307]" started-at="2026-01-11T11:55:49 IST" name="deleteUser" finished-at="2026-01-11T11:55:50 IST" depends-on-methods="day8.UpdateUserTest.updateUser" duration-ms="1214" status="PASS">
          <params>
            <param index="0">
              <value>
                <![CDATA[org.testng.TestRunner@55634720]]>
              </value>
            </param>
          </params>
          <reporter-output>
          </reporter-output>
        </test-method> <!-- deleteUser -->
      </class> <!-- day8.DeleteUserTest -->
      <class name="day8.GetUserTest">
        <test-method signature="getUser(org.testng.ITestContext)[pri:0, instance:day8.GetUserTest@41d477ed]" started-at="2026-01-11T11:55:47 IST" name="getUser" finished-at="2026-01-11T11:55:48 IST" depends-on-methods="day8.CreateUserTest.createUser" duration-ms="924" status="PASS">
          <params>
            <param index="0">
              <value>
                <![CDATA[org.testng.TestRunner@55634720]]>
              </value>
            </param>
          </params>
          <reporter-output>
          </reporter-output>
        </test-method> <!-- getUser -->
      </class> <!-- day8.GetUserTest -->
      <class name="day8.CreateUserTest">
        <test-method signature="createUser(org.testng.ITestContext)[pri:0, instance:day8.CreateUserTest@683dbc2c]" started-at="2026-01-11T11:55:42 IST" name="createUser" finished-at="2026-01-11T11:55:47 IST" duration-ms="4336" status="PASS">
          <params>
            <param index="0">
              <value>
                <![CDATA[org.testng.TestRunner@55634720]]>
              </value>
            </param>
          </params>
          <reporter-output>
          </reporter-output>
        </test-method> <!-- createUser -->
      </class> <!-- day8.CreateUserTest -->
      <class name="day8.UpdateUserTest">
        <test-method signature="updateUser(org.testng.ITestContext)[pri:0, instance:day8.UpdateUserTest@68267da0]" started-at="2026-01-11T11:55:48 IST" name="updateUser" finished-at="2026-01-11T11:55:49 IST" depends-on-methods="day8.GetUserTest.getUser" duration-ms="968" status="PASS">
          <params>
            <param index="0">
              <value>
                <![CDATA[org.testng.TestRunner@55634720]]>
              </value>
            </param>
          </params>
          <reporter-output>
          </reporter-output>
        </test-method> <!-- updateUser -->
      </class> <!-- day8.UpdateUserTest -->
    </test> <!-- Default test -->
  </suite> <!-- Default suite -->
</testng-results>
