<?xml version="1.0" encoding="UTF-8"?>
<testng-results ignored="0" total="1" passed="1" failed="0" skipped="0">
  <reporter-output>
  </reporter-output>
  <suite started-at="2025-12-25T10:43:45 IST" name="Default suite" finished-at="2025-12-25T10:43:48 IST" duration-ms="2808">
    <groups>
    </groups>
    <test started-at="2025-12-25T10:43:45 IST" name="Default test" finished-at="2025-12-25T10:43:48 IST" duration-ms="2808">
      <class name="day6.ParsingJSONObject_BookStoreAPI">
        <test-method signature="testJsonResponseBody()[pri:0, instance:day6.ParsingJSONObject_BookStoreAPI@77888435]" started-at="2025-12-25T10:43:46 IST" name="testJsonResponseBody" finished-at="2025-12-25T10:43:48 IST" duration-ms="2759" status="PASS">
          <reporter-output>
          </reporter-output>
        </test-method> <!-- testJsonResponseBody -->
      </class> <!-- day6.ParsingJSONObject_BookStoreAPI -->
    </test> <!-- Default test -->
  </suite> <!-- Default suite -->
</testng-results>
