<?xml version="1.0" encoding="UTF-8"?>
<!-- Generated by org.testng.reporters.JUnitReportReporter -->
<testsuite hostname="DESKTOP-4LJ66BR" failures="0" tests="4" name="day8.ChainingAPIs" time="7.833" errors="0" timestamp="2026-01-11T11:52:00 IST" skipped="0">
  <testcase classname="day8.ChainingAPIs" name="createUser" time="4.440"/>
  <testcase classname="day8.ChainingAPIs" name="updateUser" time="0.852"/>
  <testcase classname="day8.ChainingAPIs" name="getUser" time="1.302"/>
  <testcase classname="day8.ChainingAPIs" name="deleteUser" time="1.239"/>
</testsuite> <!-- day8.ChainingAPIs -->
