<?xml version="1.0" encoding="UTF-8"?>
<!-- Generated by org.testng.reporters.JUnitReportReporter -->
<testsuite hostname="DESKTOP-4LJ66BR" failures="0" tests="3" name="day5.ParseComplexJsonResponse" time="2.072" errors="0" timestamp="2025-12-25T09:37:10 IST" skipped="0">
  <testcase classname="day5.ParseComplexJsonResponse" name="testUserDetailsValidation" time="1.855"/>
  <testcase classname="day5.ParseComplexJsonResponse" name="testRecentOrdersValidation" time="0.153"/>
  <testcase classname="day5.ParseComplexJsonResponse" name="testPreferencesAndMetadataValidation" time="0.064"/>
</testsuite> <!-- day5.ParseComplexJsonResponse -->
