<?xml version="1.0" encoding="UTF-8"?>
<!-- Generated by org.testng.reporters.JUnitReportReporter -->
<testsuite hostname="DESKTOP-4LJ66BR" failures="0" tests="4" name="day1.HttpMethodsDemoreqres" time="4.510" errors="0" timestamp="2025-11-01T15:23:13 IST" skipped="0">
  <testcase classname="day1.HttpMethodsDemoreqres" name="getUsers" time="2.831"/>
  <testcase classname="day1.HttpMethodsDemoreqres" name="CreateUsers" time="0.802"/>
  <testcase classname="day1.HttpMethodsDemoreqres" name="UpdateUsers" time="0.472"/>
  <testcase classname="day1.HttpMethodsDemoreqres" name="DeleteUsers" time="0.405"/>
</testsuite> <!-- day1.HttpMethodsDemoreqres -->
